2025-10-30 11:10:24 [background-preinit] INFO  o.h.validator.internal.util.Version - HV000001: Hibernate Validator 8.0.3.Final
2025-10-30 11:10:24 [main] INFO  o.e.backend.SpringApplicationUser - Starting SpringApplicationUser using Java 23 with PID 18548 (C:\Users\Mateo\IdeaProjects\untitled\target\classes started by Mateo in C:\Users\Mateo\IdeaProjects\untitled)
2025-10-30 11:10:24 [main] INFO  o.e.backend.SpringApplicationUser - No active profile set, falling back to 1 default profile: "default"
2025-10-30 11:10:24 [main] INFO  o.s.d.r.c.RepositoryConfigurationDelegate - Bootstrapping Spring Data JPA repositories in DEFAULT mode.
2025-10-30 11:10:24 [main] INFO  o.s.d.r.c.RepositoryConfigurationDelegate - Finished Spring Data repository scanning in 36 ms. Found 1 JPA repository interface.
2025-10-30 11:10:25 [main] INFO  o.s.b.w.e.tomcat.TomcatWebServer - Tomcat initialized with port 8080 (http)
2025-10-30 11:10:25 [main] INFO  o.a.coyote.http11.Http11NioProtocol - Initializing ProtocolHandler ["http-nio-8080"]
2025-10-30 11:10:25 [main] INFO  o.a.catalina.core.StandardService - Starting service [Tomcat]
2025-10-30 11:10:25 [main] INFO  o.a.catalina.core.StandardEngine - Starting Servlet engine: [Apache Tomcat/10.1.46]
2025-10-30 11:10:25 [main] INFO  o.a.c.c.C.[Tomcat].[localhost].[/] - Initializing Spring embedded WebApplicationContext
2025-10-30 11:10:25 [main] INFO  o.s.b.w.s.c.ServletWebServerApplicationContext - Root WebApplicationContext: initialization completed in 991 ms
2025-10-30 11:10:25 [main] INFO  o.h.jpa.internal.util.LogHelper - HHH000204: Processing PersistenceUnitInfo [name: default]
2025-10-30 11:10:25 [main] INFO  org.hibernate.Version - HHH000412: Hibernate ORM core version 6.6.29.Final
2025-10-30 11:10:25 [main] INFO  o.h.c.i.RegionFactoryInitiator - HHH000026: Second-level cache disabled
2025-10-30 11:10:25 [main] INFO  o.s.o.j.p.SpringPersistenceUnitInfo - No LoadTimeWeaver setup: ignoring JPA class transformer
2025-10-30 11:10:25 [main] INFO  com.zaxxer.hikari.HikariDataSource - HikariPool-1 - Starting...
2025-10-30 11:10:25 [main] INFO  com.zaxxer.hikari.pool.HikariPool - HikariPool-1 - Added connection com.mysql.cj.jdbc.ConnectionImpl@5d3b6585
2025-10-30 11:10:25 [main] INFO  com.zaxxer.hikari.HikariDataSource - HikariPool-1 - Start completed.
2025-10-30 11:10:25 [main] WARN  org.hibernate.orm.deprecation - HHH90000025: MySQL8Dialect does not need to be specified explicitly using 'hibernate.dialect' (remove the property setting and it will be selected by default)
2025-10-30 11:10:25 [main] WARN  org.hibernate.orm.deprecation - HHH90000026: MySQL8Dialect has been deprecated; use org.hibernate.dialect.MySQLDialect instead
2025-10-30 11:10:25 [main] INFO  o.hibernate.orm.connections.pooling - HHH10001005: Database info:
	Database JDBC URL [Connecting through datasource 'HikariDataSource (HikariPool-1)']
	Database driver: undefined/unknown
	Database version: 8.0
	Autocommit mode: undefined/unknown
	Isolation level: undefined/unknown
	Minimum pool size: undefined/unknown
	Maximum pool size: undefined/unknown
2025-10-30 11:10:26 [main] INFO  o.h.e.t.j.p.i.JtaPlatformInitiator - HHH000489: No JTA platform available (set 'hibernate.transaction.jta.platform' to enable JTA platform integration)
2025-10-30 11:10:26 [main] INFO  o.s.o.j.LocalContainerEntityManagerFactoryBean - Initialized JPA EntityManagerFactory for persistence unit 'default'
2025-10-30 11:10:26 [main] WARN  o.s.b.a.o.j.JpaBaseConfiguration$JpaWebConfiguration - spring.jpa.open-in-view is enabled by default. Therefore, database queries may be performed during view rendering. Explicitly configure spring.jpa.open-in-view to disable this warning
2025-10-30 11:10:26 [main] INFO  o.a.coyote.http11.Http11NioProtocol - Starting ProtocolHandler ["http-nio-8080"]
2025-10-30 11:10:26 [main] INFO  o.s.b.w.e.tomcat.TomcatWebServer - Tomcat started on port 8080 (http) with context path '/'
2025-10-30 11:10:26 [main] INFO  o.e.backend.SpringApplicationUser - Started SpringApplicationUser in 3.352 seconds (process running for 3.644)
2025-10-30 11:10:48 [http-nio-8080-exec-1] INFO  o.a.c.c.C.[Tomcat].[localhost].[/] - Initializing Spring DispatcherServlet 'dispatcherServlet'
2025-10-30 11:10:48 [http-nio-8080-exec-1] INFO  o.s.web.servlet.DispatcherServlet - Initializing Servlet 'dispatcherServlet'
2025-10-30 11:10:48 [http-nio-8080-exec-1] INFO  o.s.web.servlet.DispatcherServlet - Completed initialization in 0 ms
2025-10-30 11:10:48 [http-nio-8080-exec-1] INFO  o.e.b.controller.UserController - Se listaron todos los usuarios
2025-10-30 11:10:48 [http-nio-8080-exec-2] INFO  o.e.b.controller.UserController - Se listaron todos los usuarios
2025-10-30 11:11:19 [http-nio-8080-exec-5] WARN  o.s.w.s.m.s.DefaultHandlerExceptionResolver - Resolved [org.springframework.web.bind.MethodArgumentNotValidException: Validation failed for argument [0] in public org.springframework.http.ResponseEntity<?> org.example.backend.controller.UserController.save(org.example.backend.model.User,org.springframework.web.multipart.MultipartFile) throws java.io.IOException: [Field error in object 'user' on field 'surname': rejected value [s]; codes [Size.user.surname,Size.surname,Size.java.lang.String,Size]; arguments [org.springframework.context.support.DefaultMessageSourceResolvable: codes [user.surname,surname]; arguments []; default message [surname],50,2]; default message [el tamaño debe estar entre 2 y 50]] ]
2025-10-30 11:11:19 [http-nio-8080-exec-6] INFO  o.e.b.controller.UserController - Se listaron todos los usuarios
2025-10-30 11:11:19 [http-nio-8080-exec-7] INFO  o.e.b.controller.UserController - Se listaron todos los usuarios
2025-10-30 11:11:46 [http-nio-8080-exec-9] WARN  o.s.w.s.m.s.DefaultHandlerExceptionResolver - Resolved [org.springframework.web.bind.MethodArgumentNotValidException: Validation failed for argument [0] in public org.springframework.http.ResponseEntity<?> org.example.backend.controller.UserController.save(org.example.backend.model.User,org.springframework.web.multipart.MultipartFile) throws java.io.IOException: [Field error in object 'user' on field 'surname': rejected value [s]; codes [Size.user.surname,Size.surname,Size.java.lang.String,Size]; arguments [org.springframework.context.support.DefaultMessageSourceResolvable: codes [user.surname,surname]; arguments []; default message [surname],50,2]; default message [el tamaño debe estar entre 2 y 50]] ]
2025-10-30 11:11:46 [http-nio-8080-exec-1] INFO  o.e.b.controller.UserController - Se listaron todos los usuarios
2025-10-30 11:11:46 [http-nio-8080-exec-2] INFO  o.e.b.controller.UserController - Se listaron todos los usuarios
2025-10-30 11:11:46 [http-nio-8080-exec-5] WARN  o.s.w.s.m.s.DefaultHandlerExceptionResolver - Resolved [org.springframework.web.bind.MethodArgumentNotValidException: Validation failed for argument [0] in public org.springframework.http.ResponseEntity<?> org.example.backend.controller.UserController.save(org.example.backend.model.User,org.springframework.web.multipart.MultipartFile) throws java.io.IOException: [Field error in object 'user' on field 'surname': rejected value [s]; codes [Size.user.surname,Size.surname,Size.java.lang.String,Size]; arguments [org.springframework.context.support.DefaultMessageSourceResolvable: codes [user.surname,surname]; arguments []; default message [surname],50,2]; default message [el tamaño debe estar entre 2 y 50]] ]
2025-10-30 11:11:46 [http-nio-8080-exec-6] INFO  o.e.b.controller.UserController - Se listaron todos los usuarios
2025-10-30 11:11:46 [http-nio-8080-exec-7] INFO  o.e.b.controller.UserController - Se listaron todos los usuarios
2025-10-30 11:11:46 [http-nio-8080-exec-9] WARN  o.s.w.s.m.s.DefaultHandlerExceptionResolver - Resolved [org.springframework.web.bind.MethodArgumentNotValidException: Validation failed for argument [0] in public org.springframework.http.ResponseEntity<?> org.example.backend.controller.UserController.save(org.example.backend.model.User,org.springframework.web.multipart.MultipartFile) throws java.io.IOException: [Field error in object 'user' on field 'surname': rejected value [s]; codes [Size.user.surname,Size.surname,Size.java.lang.String,Size]; arguments [org.springframework.context.support.DefaultMessageSourceResolvable: codes [user.surname,surname]; arguments []; default message [surname],50,2]; default message [el tamaño debe estar entre 2 y 50]] ]
2025-10-30 11:11:46 [http-nio-8080-exec-1] INFO  o.e.b.controller.UserController - Se listaron todos los usuarios
2025-10-30 11:11:46 [http-nio-8080-exec-2] INFO  o.e.b.controller.UserController - Se listaron todos los usuarios
2025-10-30 11:11:47 [http-nio-8080-exec-5] WARN  o.s.w.s.m.s.DefaultHandlerExceptionResolver - Resolved [org.springframework.web.bind.MethodArgumentNotValidException: Validation failed for argument [0] in public org.springframework.http.ResponseEntity<?> org.example.backend.controller.UserController.save(org.example.backend.model.User,org.springframework.web.multipart.MultipartFile) throws java.io.IOException: [Field error in object 'user' on field 'surname': rejected value [s]; codes [Size.user.surname,Size.surname,Size.java.lang.String,Size]; arguments [org.springframework.context.support.DefaultMessageSourceResolvable: codes [user.surname,surname]; arguments []; default message [surname],50,2]; default message [el tamaño debe estar entre 2 y 50]] ]
2025-10-30 11:11:47 [http-nio-8080-exec-6] INFO  o.e.b.controller.UserController - Se listaron todos los usuarios
2025-10-30 11:11:47 [http-nio-8080-exec-7] INFO  o.e.b.controller.UserController - Se listaron todos los usuarios
2025-10-30 11:11:47 [http-nio-8080-exec-9] WARN  o.s.w.s.m.s.DefaultHandlerExceptionResolver - Resolved [org.springframework.web.bind.MethodArgumentNotValidException: Validation failed for argument [0] in public org.springframework.http.ResponseEntity<?> org.example.backend.controller.UserController.save(org.example.backend.model.User,org.springframework.web.multipart.MultipartFile) throws java.io.IOException: [Field error in object 'user' on field 'surname': rejected value [s]; codes [Size.user.surname,Size.surname,Size.java.lang.String,Size]; arguments [org.springframework.context.support.DefaultMessageSourceResolvable: codes [user.surname,surname]; arguments []; default message [surname],50,2]; default message [el tamaño debe estar entre 2 y 50]] ]
2025-10-30 11:11:47 [http-nio-8080-exec-1] INFO  o.e.b.controller.UserController - Se listaron todos los usuarios
2025-10-30 11:11:47 [http-nio-8080-exec-2] INFO  o.e.b.controller.UserController - Se listaron todos los usuarios
2025-10-30 11:11:48 [http-nio-8080-exec-5] WARN  o.s.w.s.m.s.DefaultHandlerExceptionResolver - Resolved [org.springframework.web.bind.MethodArgumentNotValidException: Validation failed for argument [0] in public org.springframework.http.ResponseEntity<?> org.example.backend.controller.UserController.save(org.example.backend.model.User,org.springframework.web.multipart.MultipartFile) throws java.io.IOException: [Field error in object 'user' on field 'surname': rejected value [s]; codes [Size.user.surname,Size.surname,Size.java.lang.String,Size]; arguments [org.springframework.context.support.DefaultMessageSourceResolvable: codes [user.surname,surname]; arguments []; default message [surname],50,2]; default message [el tamaño debe estar entre 2 y 50]] ]
2025-10-30 11:11:48 [http-nio-8080-exec-6] INFO  o.e.b.controller.UserController - Se listaron todos los usuarios
2025-10-30 11:11:48 [http-nio-8080-exec-7] INFO  o.e.b.controller.UserController - Se listaron todos los usuarios
2025-10-30 11:11:49 [http-nio-8080-exec-9] WARN  o.s.w.s.m.s.DefaultHandlerExceptionResolver - Resolved [org.springframework.web.bind.MethodArgumentNotValidException: Validation failed for argument [0] in public org.springframework.http.ResponseEntity<?> org.example.backend.controller.UserController.save(org.example.backend.model.User,org.springframework.web.multipart.MultipartFile) throws java.io.IOException: [Field error in object 'user' on field 'surname': rejected value [s]; codes [Size.user.surname,Size.surname,Size.java.lang.String,Size]; arguments [org.springframework.context.support.DefaultMessageSourceResolvable: codes [user.surname,surname]; arguments []; default message [surname],50,2]; default message [el tamaño debe estar entre 2 y 50]] ]
2025-10-30 11:11:49 [http-nio-8080-exec-1] INFO  o.e.b.controller.UserController - Se listaron todos los usuarios
2025-10-30 11:11:49 [http-nio-8080-exec-2] INFO  o.e.b.controller.UserController - Se listaron todos los usuarios
2025-10-30 11:11:51 [http-nio-8080-exec-5] WARN  o.s.w.s.m.s.DefaultHandlerExceptionResolver - Resolved [org.springframework.web.bind.MethodArgumentNotValidException: Validation failed for argument [0] in public org.springframework.http.ResponseEntity<?> org.example.backend.controller.UserController.save(org.example.backend.model.User,org.springframework.web.multipart.MultipartFile) throws java.io.IOException: [Field error in object 'user' on field 'surname': rejected value [s]; codes [Size.user.surname,Size.surname,Size.java.lang.String,Size]; arguments [org.springframework.context.support.DefaultMessageSourceResolvable: codes [user.surname,surname]; arguments []; default message [surname],50,2]; default message [el tamaño debe estar entre 2 y 50]] ]
2025-10-30 11:11:51 [http-nio-8080-exec-6] INFO  o.e.b.controller.UserController - Se listaron todos los usuarios
2025-10-30 11:11:51 [http-nio-8080-exec-7] INFO  o.e.b.controller.UserController - Se listaron todos los usuarios
2025-10-30 11:12:25 [http-nio-8080-exec-1] INFO  o.e.b.controller.UserController - Eliminando usuario con ID: 1
2025-10-30 11:12:25 [http-nio-8080-exec-1] INFO  o.e.b.controller.UserController - Usuario eliminado correctamente con ID: 1
2025-10-30 11:12:41 [http-nio-8080-exec-2] INFO  o.e.b.controller.UserController - Se listaron todos los usuarios
2025-10-30 11:12:41 [http-nio-8080-exec-4] INFO  o.e.b.controller.UserController - Se listaron todos los usuarios
2025-10-30 11:14:01 [http-nio-8080-exec-8] WARN  o.s.w.s.m.s.DefaultHandlerExceptionResolver - Resolved [org.springframework.web.method.annotation.MethodArgumentTypeMismatchException: Method parameter 'id': Failed to convert value of type 'java.lang.String' to required type 'long'; For input string: "undefined"]
2025-10-30 11:14:01 [http-nio-8080-exec-10] INFO  o.e.b.controller.UserController - Se listaron todos los usuarios
2025-10-30 11:14:01 [http-nio-8080-exec-9] INFO  o.e.b.controller.UserController - Se listaron todos los usuarios
2025-10-30 11:14:44 [http-nio-8080-exec-4] INFO  o.e.b.controller.UserController - Se listaron todos los usuarios
2025-10-30 11:14:44 [http-nio-8080-exec-3] INFO  o.e.b.controller.UserController - Se listaron todos los usuarios
2025-10-30 11:17:45 [http-nio-8080-exec-10] WARN  o.s.w.s.m.s.DefaultHandlerExceptionResolver - Resolved [org.springframework.web.bind.MethodArgumentNotValidException: Validation failed for argument [0] in public org.springframework.http.ResponseEntity<?> org.example.backend.controller.UserController.save(org.example.backend.model.User,org.springframework.web.multipart.MultipartFile) throws java.io.IOException: [Field error in object 'user' on field 'surname': rejected value [s]; codes [Size.user.surname,Size.surname,Size.java.lang.String,Size]; arguments [org.springframework.context.support.DefaultMessageSourceResolvable: codes [user.surname,surname]; arguments []; default message [surname],50,2]; default message [el tamaño debe estar entre 2 y 50]] ]
2025-10-30 11:17:45 [http-nio-8080-exec-9] INFO  o.e.b.controller.UserController - Se listaron todos los usuarios
2025-10-30 11:17:45 [http-nio-8080-exec-1] INFO  o.e.b.controller.UserController - Se listaron todos los usuarios
2025-10-30 11:21:31 [background-preinit] INFO  o.h.validator.internal.util.Version - HV000001: Hibernate Validator 8.0.3.Final
2025-10-30 11:21:31 [main] INFO  org.example.backend.InsertUserTest - Starting InsertUserTest using Java 23 with PID 14104 (started by Mateo in C:\Users\Mateo\IdeaProjects\untitled)
2025-10-30 11:21:31 [main] INFO  org.example.backend.InsertUserTest - No active profile set, falling back to 1 default profile: "default"
2025-10-30 11:21:31 [main] INFO  o.s.d.r.c.RepositoryConfigurationDelegate - Bootstrapping Spring Data JPA repositories in DEFAULT mode.
2025-10-30 11:21:32 [main] INFO  o.s.d.r.c.RepositoryConfigurationDelegate - Finished Spring Data repository scanning in 33 ms. Found 1 JPA repository interface.
2025-10-30 11:21:32 [main] INFO  o.h.jpa.internal.util.LogHelper - HHH000204: Processing PersistenceUnitInfo [name: default]
2025-10-30 11:21:32 [main] INFO  org.hibernate.Version - HHH000412: Hibernate ORM core version 6.6.29.Final
2025-10-30 11:21:32 [main] INFO  o.h.c.i.RegionFactoryInitiator - HHH000026: Second-level cache disabled
2025-10-30 11:21:32 [main] INFO  o.s.o.j.p.SpringPersistenceUnitInfo - No LoadTimeWeaver setup: ignoring JPA class transformer
2025-10-30 11:21:32 [main] INFO  com.zaxxer.hikari.HikariDataSource - HikariPool-1 - Starting...
2025-10-30 11:21:32 [main] INFO  com.zaxxer.hikari.pool.HikariPool - HikariPool-1 - Added connection com.mysql.cj.jdbc.ConnectionImpl@31b6fb14
2025-10-30 11:21:32 [main] INFO  com.zaxxer.hikari.HikariDataSource - HikariPool-1 - Start completed.
2025-10-30 11:21:32 [main] WARN  org.hibernate.orm.deprecation - HHH90000025: MySQL8Dialect does not need to be specified explicitly using 'hibernate.dialect' (remove the property setting and it will be selected by default)
2025-10-30 11:21:32 [main] WARN  org.hibernate.orm.deprecation - HHH90000026: MySQL8Dialect has been deprecated; use org.hibernate.dialect.MySQLDialect instead
2025-10-30 11:21:32 [main] INFO  o.hibernate.orm.connections.pooling - HHH10001005: Database info:
	Database JDBC URL [Connecting through datasource 'HikariDataSource (HikariPool-1)']
	Database driver: undefined/unknown
	Database version: 8.0
	Autocommit mode: undefined/unknown
	Isolation level: undefined/unknown
	Minimum pool size: undefined/unknown
	Maximum pool size: undefined/unknown
2025-10-30 11:21:33 [main] INFO  o.h.e.t.j.p.i.JtaPlatformInitiator - HHH000489: No JTA platform available (set 'hibernate.transaction.jta.platform' to enable JTA platform integration)
2025-10-30 11:21:33 [main] INFO  o.s.o.j.LocalContainerEntityManagerFactoryBean - Initialized JPA EntityManagerFactory for persistence unit 'default'
2025-10-30 11:21:33 [main] WARN  o.s.b.a.o.j.JpaBaseConfiguration$JpaWebConfiguration - spring.jpa.open-in-view is enabled by default. Therefore, database queries may be performed during view rendering. Explicitly configure spring.jpa.open-in-view to disable this warning
2025-10-30 11:21:34 [main] INFO  org.example.backend.InsertUserTest - Started InsertUserTest in 2.958 seconds (process running for 3.757)
2025-10-30 11:21:34 [SpringApplicationShutdownHook] INFO  o.s.o.j.LocalContainerEntityManagerFactoryBean - Closing JPA EntityManagerFactory for persistence unit 'default'
2025-10-30 11:21:34 [SpringApplicationShutdownHook] INFO  com.zaxxer.hikari.HikariDataSource - HikariPool-1 - Shutdown initiated...
2025-10-30 11:21:34 [SpringApplicationShutdownHook] INFO  com.zaxxer.hikari.HikariDataSource - HikariPool-1 - Shutdown completed.
2025-10-30 11:21:38 [http-nio-8080-exec-6] INFO  o.e.b.controller.UserController - Se listaron todos los usuarios
2025-10-30 11:21:38 [http-nio-8080-exec-7] INFO  o.e.b.controller.UserController - Se listaron todos los usuarios
2025-10-30 11:25:50 [http-nio-8080-exec-5] INFO  o.e.b.controller.UserController - Eliminando usuario con ID: 2
2025-10-30 11:25:50 [http-nio-8080-exec-5] INFO  o.e.b.controller.UserController - Usuario eliminado correctamente con ID: 2
2025-10-30 11:25:50 [http-nio-8080-exec-7] INFO  o.e.b.controller.UserController - Eliminando usuario con ID: 3
2025-10-30 11:25:50 [http-nio-8080-exec-7] INFO  o.e.b.controller.UserController - Usuario eliminado correctamente con ID: 3
2025-10-30 11:25:52 [http-nio-8080-exec-8] INFO  o.e.b.controller.UserController - Se listaron todos los usuarios
2025-10-30 11:25:52 [http-nio-8080-exec-10] INFO  o.e.b.controller.UserController - Se listaron todos los usuarios
2025-10-30 11:28:02 [SpringApplicationShutdownHook] INFO  o.s.b.w.e.tomcat.GracefulShutdown - Commencing graceful shutdown. Waiting for active requests to complete
2025-10-30 11:28:02 [tomcat-shutdown] INFO  o.s.b.w.e.tomcat.GracefulShutdown - Graceful shutdown complete
2025-10-30 11:28:02 [SpringApplicationShutdownHook] INFO  o.s.o.j.LocalContainerEntityManagerFactoryBean - Closing JPA EntityManagerFactory for persistence unit 'default'
2025-10-30 11:28:02 [SpringApplicationShutdownHook] INFO  com.zaxxer.hikari.HikariDataSource - HikariPool-1 - Shutdown initiated...
2025-10-30 11:28:02 [SpringApplicationShutdownHook] INFO  com.zaxxer.hikari.HikariDataSource - HikariPool-1 - Shutdown completed.
2025-10-30 11:31:29 [background-preinit] INFO  o.h.validator.internal.util.Version - HV000001: Hibernate Validator 8.0.3.Final
2025-10-30 11:31:29 [main] INFO  o.e.backend.SpringApplicationUser - Starting SpringApplicationUser using Java 23 with PID 29600 (C:\Users\Mateo\IdeaProjects\untitled\target\classes started by Mateo in C:\Users\Mateo\IdeaProjects\untitled)
2025-10-30 11:31:29 [main] INFO  o.e.backend.SpringApplicationUser - No active profile set, falling back to 1 default profile: "default"
2025-10-30 11:31:29 [main] INFO  o.s.d.r.c.RepositoryConfigurationDelegate - Bootstrapping Spring Data JPA repositories in DEFAULT mode.
2025-10-30 11:31:29 [main] INFO  o.s.d.r.c.RepositoryConfigurationDelegate - Finished Spring Data repository scanning in 36 ms. Found 1 JPA repository interface.
2025-10-30 11:31:30 [main] INFO  o.s.b.w.e.tomcat.TomcatWebServer - Tomcat initialized with port 8080 (http)
2025-10-30 11:31:30 [main] INFO  o.a.coyote.http11.Http11NioProtocol - Initializing ProtocolHandler ["http-nio-8080"]
2025-10-30 11:31:30 [main] INFO  o.a.catalina.core.StandardService - Starting service [Tomcat]
2025-10-30 11:31:30 [main] INFO  o.a.catalina.core.StandardEngine - Starting Servlet engine: [Apache Tomcat/10.1.46]
2025-10-30 11:31:30 [main] INFO  o.a.c.c.C.[Tomcat].[localhost].[/] - Initializing Spring embedded WebApplicationContext
2025-10-30 11:31:30 [main] INFO  o.s.b.w.s.c.ServletWebServerApplicationContext - Root WebApplicationContext: initialization completed in 1103 ms
2025-10-30 11:31:30 [main] INFO  o.h.jpa.internal.util.LogHelper - HHH000204: Processing PersistenceUnitInfo [name: default]
2025-10-30 11:31:30 [main] INFO  org.hibernate.Version - HHH000412: Hibernate ORM core version 6.6.29.Final
2025-10-30 11:31:30 [main] INFO  o.h.c.i.RegionFactoryInitiator - HHH000026: Second-level cache disabled
2025-10-30 11:31:30 [main] INFO  o.s.o.j.p.SpringPersistenceUnitInfo - No LoadTimeWeaver setup: ignoring JPA class transformer
2025-10-30 11:31:30 [main] INFO  com.zaxxer.hikari.HikariDataSource - HikariPool-1 - Starting...
2025-10-30 11:31:31 [main] INFO  com.zaxxer.hikari.pool.HikariPool - HikariPool-1 - Added connection com.mysql.cj.jdbc.ConnectionImpl@32f308c6
2025-10-30 11:31:31 [main] INFO  com.zaxxer.hikari.HikariDataSource - HikariPool-1 - Start completed.
2025-10-30 11:31:31 [main] WARN  org.hibernate.orm.deprecation - HHH90000025: MySQL8Dialect does not need to be specified explicitly using 'hibernate.dialect' (remove the property setting and it will be selected by default)
2025-10-30 11:31:31 [main] WARN  org.hibernate.orm.deprecation - HHH90000026: MySQL8Dialect has been deprecated; use org.hibernate.dialect.MySQLDialect instead
2025-10-30 11:31:31 [main] INFO  o.hibernate.orm.connections.pooling - HHH10001005: Database info:
	Database JDBC URL [Connecting through datasource 'HikariDataSource (HikariPool-1)']
	Database driver: undefined/unknown
	Database version: 8.0
	Autocommit mode: undefined/unknown
	Isolation level: undefined/unknown
	Minimum pool size: undefined/unknown
	Maximum pool size: undefined/unknown
2025-10-30 11:31:31 [main] INFO  o.h.e.t.j.p.i.JtaPlatformInitiator - HHH000489: No JTA platform available (set 'hibernate.transaction.jta.platform' to enable JTA platform integration)
2025-10-30 11:31:31 [main] INFO  o.s.o.j.LocalContainerEntityManagerFactoryBean - Initialized JPA EntityManagerFactory for persistence unit 'default'
2025-10-30 11:31:32 [main] WARN  o.s.b.a.o.j.JpaBaseConfiguration$JpaWebConfiguration - spring.jpa.open-in-view is enabled by default. Therefore, database queries may be performed during view rendering. Explicitly configure spring.jpa.open-in-view to disable this warning
2025-10-30 11:31:32 [main] INFO  o.a.coyote.http11.Http11NioProtocol - Starting ProtocolHandler ["http-nio-8080"]
2025-10-30 11:31:32 [main] INFO  o.s.b.w.e.tomcat.TomcatWebServer - Tomcat started on port 8080 (http) with context path '/'
2025-10-30 11:31:32 [main] INFO  o.e.backend.SpringApplicationUser - Started SpringApplicationUser in 3.547 seconds (process running for 3.895)
2025-10-30 11:31:36 [http-nio-8080-exec-1] INFO  o.a.c.c.C.[Tomcat].[localhost].[/] - Initializing Spring DispatcherServlet 'dispatcherServlet'
2025-10-30 11:31:36 [http-nio-8080-exec-1] INFO  o.s.web.servlet.DispatcherServlet - Initializing Servlet 'dispatcherServlet'
2025-10-30 11:31:36 [http-nio-8080-exec-1] INFO  o.s.web.servlet.DispatcherServlet - Completed initialization in 1 ms
2025-10-30 11:31:37 [http-nio-8080-exec-1] INFO  o.e.b.controller.UserController - Intentando guardar nuevo usuario: Mateo 
2025-10-30 11:31:37 [http-nio-8080-exec-1] ERROR o.a.c.c.C.[.[.[.[dispatcherServlet] - Servlet.service() for servlet [dispatcherServlet] in context with path [] threw exception [Request processing failed: jakarta.validation.ConstraintViolationException: Validation failed for classes [org.example.backend.model.User] during persist time for groups [jakarta.validation.groups.Default, ]
List of constraint violations:[
	ConstraintViolationImpl{interpolatedMessage='el tamaño debe estar entre 2 y 50', propertyPath=surname, rootBeanClass=class org.example.backend.model.User, messageTemplate='{jakarta.validation.constraints.Size.message}'}
]] with root cause
jakarta.validation.ConstraintViolationException: Validation failed for classes [org.example.backend.model.User] during persist time for groups [jakarta.validation.groups.Default, ]
List of constraint violations:[
	ConstraintViolationImpl{interpolatedMessage='el tamaño debe estar entre 2 y 50', propertyPath=surname, rootBeanClass=class org.example.backend.model.User, messageTemplate='{jakarta.validation.constraints.Size.message}'}
]
	at org.hibernate.boot.beanvalidation.BeanValidationEventListener.validate(BeanValidationEventListener.java:176)
	at org.hibernate.boot.beanvalidation.BeanValidationEventListener.onPreInsert(BeanValidationEventListener.java:88)
	at org.hibernate.action.internal.EntityIdentityInsertAction.preInsert(EntityIdentityInsertAction.java:201)
	at org.hibernate.action.internal.EntityIdentityInsertAction.execute(EntityIdentityInsertAction.java:79)
	at org.hibernate.engine.spi.ActionQueue.execute(ActionQueue.java:682)
	at org.hibernate.engine.spi.ActionQueue.addResolvedEntityInsertAction(ActionQueue.java:293)
	at org.hibernate.engine.spi.ActionQueue.addInsertAction(ActionQueue.java:274)
	at org.hibernate.engine.spi.ActionQueue.addAction(ActionQueue.java:324)
	at org.hibernate.event.internal.AbstractSaveEventListener.addInsertAction(AbstractSaveEventListener.java:394)
	at org.hibernate.event.internal.AbstractSaveEventListener.performSaveOrReplicate(AbstractSaveEventListener.java:308)
	at org.hibernate.event.internal.AbstractSaveEventListener.performSave(AbstractSaveEventListener.java:224)
	at org.hibernate.event.internal.AbstractSaveEventListener.saveWithGeneratedId(AbstractSaveEventListener.java:136)
	at org.hibernate.event.internal.DefaultPersistEventListener.entityIsTransient(DefaultPersistEventListener.java:177)
	at org.hibernate.event.internal.DefaultPersistEventListener.persist(DefaultPersistEventListener.java:95)
	at org.hibernate.event.internal.DefaultPersistEventListener.onPersist(DefaultPersistEventListener.java:79)
	at org.hibernate.event.internal.DefaultPersistEventListener.onPersist(DefaultPersistEventListener.java:55)
	at org.hibernate.event.service.internal.EventListenerGroupImpl.fireEventOnEachListener(EventListenerGroupImpl.java:127)
	at org.hibernate.internal.SessionImpl.firePersist(SessionImpl.java:761)
	at org.hibernate.internal.SessionImpl.persist(SessionImpl.java:745)
	at java.base/jdk.internal.reflect.DirectMethodHandleAccessor.invoke(DirectMethodHandleAccessor.java:103)
	at java.base/java.lang.reflect.Method.invoke(Method.java:580)
	at org.springframework.orm.jpa.ExtendedEntityManagerCreator$ExtendedEntityManagerInvocationHandler.invoke(ExtendedEntityManagerCreator.java:364)
	at jdk.proxy2/jdk.proxy2.$Proxy120.persist(Unknown Source)
	at java.base/jdk.internal.reflect.DirectMethodHandleAccessor.invoke(DirectMethodHandleAccessor.java:103)
	at java.base/java.lang.reflect.Method.invoke(Method.java:580)
	at org.springframework.orm.jpa.SharedEntityManagerCreator$SharedEntityManagerInvocationHandler.invoke(SharedEntityManagerCreator.java:320)
	at jdk.proxy2/jdk.proxy2.$Proxy120.persist(Unknown Source)
	at org.springframework.data.jpa.repository.support.SimpleJpaRepository.save(SimpleJpaRepository.java:654)
	at java.base/jdk.internal.reflect.DirectMethodHandleAccessor.invoke(DirectMethodHandleAccessor.java:103)
	at java.base/java.lang.reflect.Method.invoke(Method.java:580)
	at org.springframework.aop.support.AopUtils.invokeJoinpointUsingReflection(AopUtils.java:360)
	at org.springframework.data.repository.core.support.RepositoryMethodInvoker$RepositoryFragmentMethodInvoker.lambda$new$0(RepositoryMethodInvoker.java:277)
	at org.springframework.data.repository.core.support.RepositoryMethodInvoker.doInvoke(RepositoryMethodInvoker.java:170)
	at org.springframework.data.repository.core.support.RepositoryMethodInvoker.invoke(RepositoryMethodInvoker.java:158)
	at org.springframework.data.repository.core.support.RepositoryComposition$RepositoryFragments.invoke(RepositoryComposition.java:515)
	at org.springframework.data.repository.core.support.RepositoryComposition.invoke(RepositoryComposition.java:284)
	at org.springframework.data.repository.core.support.RepositoryFactorySupport$ImplementationMethodExecutionInterceptor.invoke(RepositoryFactorySupport.java:734)
	at org.springframework.aop.framework.ReflectiveMethodInvocation.proceed(ReflectiveMethodInvocation.java:184)
	at org.springframework.data.repository.core.support.QueryExecutorMethodInterceptor.doInvoke(QueryExecutorMethodInterceptor.java:174)
	at org.springframework.data.repository.core.support.QueryExecutorMethodInterceptor.invoke(QueryExecutorMethodInterceptor.java:149)
	at org.springframework.aop.framework.ReflectiveMethodInvocation.proceed(ReflectiveMethodInvocation.java:184)
	at org.springframework.data.projection.DefaultMethodInvokingMethodInterceptor.invoke(DefaultMethodInvokingMethodInterceptor.java:69)
	at org.springframework.aop.framework.ReflectiveMethodInvocation.proceed(ReflectiveMethodInvocation.java:184)
	at org.springframework.transaction.interceptor.TransactionAspectSupport.invokeWithinTransaction(TransactionAspectSupport.java:380)
	at org.springframework.transaction.interceptor.TransactionInterceptor.invoke(TransactionInterceptor.java:119)
	at org.springframework.aop.framework.ReflectiveMethodInvocation.proceed(ReflectiveMethodInvocation.java:184)
	at org.springframework.dao.support.PersistenceExceptionTranslationInterceptor.invoke(PersistenceExceptionTranslationInterceptor.java:138)
	at org.springframework.aop.framework.ReflectiveMethodInvocation.proceed(ReflectiveMethodInvocation.java:184)
	at org.springframework.data.jpa.repository.support.CrudMethodMetadataPostProcessor$CrudMethodMetadataPopulatingMethodInterceptor.invoke(CrudMethodMetadataPostProcessor.java:165)
	at org.springframework.aop.framework.ReflectiveMethodInvocation.proceed(ReflectiveMethodInvocation.java:184)
	at org.springframework.aop.framework.JdkDynamicAopProxy.invoke(JdkDynamicAopProxy.java:223)
	at jdk.proxy2/jdk.proxy2.$Proxy123.save(Unknown Source)
	at org.example.backend.controller.UserController.save(UserController.java:78)
	at java.base/jdk.internal.reflect.DirectMethodHandleAccessor.invoke(DirectMethodHandleAccessor.java:103)
	at java.base/java.lang.reflect.Method.invoke(Method.java:580)
	at org.springframework.web.method.support.InvocableHandlerMethod.doInvoke(InvocableHandlerMethod.java:258)
	at org.springframework.web.method.support.InvocableHandlerMethod.invokeForRequest(InvocableHandlerMethod.java:191)
	at org.springframework.web.servlet.mvc.method.annotation.ServletInvocableHandlerMethod.invokeAndHandle(ServletInvocableHandlerMethod.java:118)
	at org.springframework.web.servlet.mvc.method.annotation.RequestMappingHandlerAdapter.invokeHandlerMethod(RequestMappingHandlerAdapter.java:991)
	at org.springframework.web.servlet.mvc.method.annotation.RequestMappingHandlerAdapter.handleInternal(RequestMappingHandlerAdapter.java:896)
	at org.springframework.web.servlet.mvc.method.AbstractHandlerMethodAdapter.handle(AbstractHandlerMethodAdapter.java:87)
	at org.springframework.web.servlet.DispatcherServlet.doDispatch(DispatcherServlet.java:1089)
	at org.springframework.web.servlet.DispatcherServlet.doService(DispatcherServlet.java:979)
	at org.springframework.web.servlet.FrameworkServlet.processRequest(FrameworkServlet.java:1014)
	at org.springframework.web.servlet.FrameworkServlet.doPost(FrameworkServlet.java:914)
	at jakarta.servlet.http.HttpServlet.service(HttpServlet.java:590)
	at org.springframework.web.servlet.FrameworkServlet.service(FrameworkServlet.java:885)
	at jakarta.servlet.http.HttpServlet.service(HttpServlet.java:658)
	at org.apache.catalina.core.ApplicationFilterChain.internalDoFilter(ApplicationFilterChain.java:195)
	at org.apache.catalina.core.ApplicationFilterChain.doFilter(ApplicationFilterChain.java:140)
	at org.apache.tomcat.websocket.server.WsFilter.doFilter(WsFilter.java:51)
	at org.apache.catalina.core.ApplicationFilterChain.internalDoFilter(ApplicationFilterChain.java:164)
	at org.apache.catalina.core.ApplicationFilterChain.doFilter(ApplicationFilterChain.java:140)
	at org.springframework.web.filter.RequestContextFilter.doFilterInternal(RequestContextFilter.java:100)
	at org.springframework.web.filter.OncePerRequestFilter.doFilter(OncePerRequestFilter.java:116)
	at org.apache.catalina.core.ApplicationFilterChain.internalDoFilter(ApplicationFilterChain.java:164)
	at org.apache.catalina.core.ApplicationFilterChain.doFilter(ApplicationFilterChain.java:140)
	at org.springframework.web.filter.FormContentFilter.doFilterInternal(FormContentFilter.java:93)
	at org.springframework.web.filter.OncePerRequestFilter.doFilter(OncePerRequestFilter.java:116)
	at org.apache.catalina.core.ApplicationFilterChain.internalDoFilter(ApplicationFilterChain.java:164)
	at org.apache.catalina.core.ApplicationFilterChain.doFilter(ApplicationFilterChain.java:140)
	at org.springframework.web.filter.CharacterEncodingFilter.doFilterInternal(CharacterEncodingFilter.java:201)
	at org.springframework.web.filter.OncePerRequestFilter.doFilter(OncePerRequestFilter.java:116)
	at org.apache.catalina.core.ApplicationFilterChain.internalDoFilter(ApplicationFilterChain.java:164)
	at org.apache.catalina.core.ApplicationFilterChain.doFilter(ApplicationFilterChain.java:140)
	at org.apache.catalina.core.StandardWrapperValve.invoke(StandardWrapperValve.java:167)
	at org.apache.catalina.core.StandardContextValve.invoke(StandardContextValve.java:90)
	at org.apache.catalina.authenticator.AuthenticatorBase.invoke(AuthenticatorBase.java:483)
	at org.apache.catalina.core.StandardHostValve.invoke(StandardHostValve.java:116)
	at org.apache.catalina.valves.ErrorReportValve.invoke(ErrorReportValve.java:93)
	at org.apache.catalina.core.StandardEngineValve.invoke(StandardEngineValve.java:74)
	at org.apache.catalina.connector.CoyoteAdapter.service(CoyoteAdapter.java:344)
	at org.apache.coyote.http11.Http11Processor.service(Http11Processor.java:398)
	at org.apache.coyote.AbstractProcessorLight.process(AbstractProcessorLight.java:63)
	at org.apache.coyote.AbstractProtocol$ConnectionHandler.process(AbstractProtocol.java:903)
	at org.apache.tomcat.util.net.NioEndpoint$SocketProcessor.doRun(NioEndpoint.java:1776)
	at org.apache.tomcat.util.net.SocketProcessorBase.run(SocketProcessorBase.java:52)
	at org.apache.tomcat.util.threads.ThreadPoolExecutor.runWorker(ThreadPoolExecutor.java:975)
	at org.apache.tomcat.util.threads.ThreadPoolExecutor$Worker.run(ThreadPoolExecutor.java:493)
	at org.apache.tomcat.util.threads.TaskThread$WrappingRunnable.run(TaskThread.java:63)
	at java.base/java.lang.Thread.run(Thread.java:1575)
2025-10-30 11:31:37 [http-nio-8080-exec-2] INFO  o.e.b.controller.UserController - Se listaron todos los usuarios
2025-10-30 11:31:37 [http-nio-8080-exec-3] INFO  o.e.b.controller.UserController - Se listaron todos los usuarios
2025-10-30 11:32:21 [http-nio-8080-exec-4] INFO  o.e.b.controller.UserController - Intentando guardar nuevo usuario: Mateo 
2025-10-30 11:32:21 [http-nio-8080-exec-4] INFO  o.e.b.controller.UserController - Usuario guardado correctamente con ID: 4
2025-10-30 11:32:21 [http-nio-8080-exec-5] INFO  o.e.b.controller.UserController - Se listaron todos los usuarios
2025-10-30 11:32:21 [http-nio-8080-exec-6] INFO  o.e.b.controller.UserController - Se listaron todos los usuarios
2025-10-30 11:32:53 [http-nio-8080-exec-9] WARN  o.s.w.s.m.s.DefaultHandlerExceptionResolver - Resolved [org.springframework.web.method.annotation.MethodArgumentTypeMismatchException: Method parameter 'id': Failed to convert value of type 'java.lang.String' to required type 'long'; For input string: "undefined"]
2025-10-30 11:32:53 [http-nio-8080-exec-10] INFO  o.e.b.controller.UserController - Se listaron todos los usuarios
2025-10-30 11:32:53 [http-nio-8080-exec-1] INFO  o.e.b.controller.UserController - Se listaron todos los usuarios
2025-10-30 11:33:13 [http-nio-8080-exec-5] INFO  o.e.b.controller.UserController - Eliminando usuario con ID: 4
2025-10-30 11:33:13 [http-nio-8080-exec-5] INFO  o.e.b.controller.UserController - Usuario eliminado correctamente con ID: 4
2025-10-30 11:35:03 [SpringApplicationShutdownHook] INFO  o.s.b.w.e.tomcat.GracefulShutdown - Commencing graceful shutdown. Waiting for active requests to complete
2025-10-30 11:35:03 [tomcat-shutdown] INFO  o.s.b.w.e.tomcat.GracefulShutdown - Graceful shutdown complete
2025-10-30 11:35:03 [SpringApplicationShutdownHook] INFO  o.s.o.j.LocalContainerEntityManagerFactoryBean - Closing JPA EntityManagerFactory for persistence unit 'default'
2025-10-30 11:35:03 [SpringApplicationShutdownHook] INFO  com.zaxxer.hikari.HikariDataSource - HikariPool-1 - Shutdown initiated...
2025-10-30 11:35:03 [SpringApplicationShutdownHook] INFO  com.zaxxer.hikari.HikariDataSource - HikariPool-1 - Shutdown completed.
2025-10-30 11:55:15 [background-preinit] INFO  o.h.validator.internal.util.Version - HV000001: Hibernate Validator 8.0.3.Final
2025-10-30 11:55:15 [main] INFO  o.e.backend.SpringApplicationUser - Starting SpringApplicationUser using Java 23 with PID 10864 (C:\Users\Mateo\IdeaProjects\untitled\target\classes started by Mateo in C:\Users\Mateo\IdeaProjects\untitled)
2025-10-30 11:55:15 [main] INFO  o.e.backend.SpringApplicationUser - No active profile set, falling back to 1 default profile: "default"
2025-10-30 11:55:15 [main] INFO  o.s.d.r.c.RepositoryConfigurationDelegate - Bootstrapping Spring Data JPA repositories in DEFAULT mode.
2025-10-30 11:55:15 [main] INFO  o.s.d.r.c.RepositoryConfigurationDelegate - Finished Spring Data repository scanning in 36 ms. Found 1 JPA repository interface.
2025-10-30 11:55:16 [main] INFO  o.s.b.w.e.tomcat.TomcatWebServer - Tomcat initialized with port 8080 (http)
2025-10-30 11:55:16 [main] INFO  o.a.coyote.http11.Http11NioProtocol - Initializing ProtocolHandler ["http-nio-8080"]
2025-10-30 11:55:16 [main] INFO  o.a.catalina.core.StandardService - Starting service [Tomcat]
2025-10-30 11:55:16 [main] INFO  o.a.catalina.core.StandardEngine - Starting Servlet engine: [Apache Tomcat/10.1.46]
2025-10-30 11:55:16 [main] INFO  o.a.c.c.C.[Tomcat].[localhost].[/] - Initializing Spring embedded WebApplicationContext
2025-10-30 11:55:16 [main] INFO  o.s.b.w.s.c.ServletWebServerApplicationContext - Root WebApplicationContext: initialization completed in 1085 ms
2025-10-30 11:55:16 [main] INFO  o.h.jpa.internal.util.LogHelper - HHH000204: Processing PersistenceUnitInfo [name: default]
2025-10-30 11:55:16 [main] INFO  org.hibernate.Version - HHH000412: Hibernate ORM core version 6.6.29.Final
2025-10-30 11:55:16 [main] INFO  o.h.c.i.RegionFactoryInitiator - HHH000026: Second-level cache disabled
2025-10-30 11:55:16 [main] INFO  o.s.o.j.p.SpringPersistenceUnitInfo - No LoadTimeWeaver setup: ignoring JPA class transformer
2025-10-30 11:55:16 [main] INFO  com.zaxxer.hikari.HikariDataSource - HikariPool-1 - Starting...
2025-10-30 11:55:17 [main] INFO  com.zaxxer.hikari.pool.HikariPool - HikariPool-1 - Added connection com.mysql.cj.jdbc.ConnectionImpl@70d687b8
2025-10-30 11:55:17 [main] INFO  com.zaxxer.hikari.HikariDataSource - HikariPool-1 - Start completed.
2025-10-30 11:55:17 [main] WARN  org.hibernate.orm.deprecation - HHH90000025: MySQL8Dialect does not need to be specified explicitly using 'hibernate.dialect' (remove the property setting and it will be selected by default)
2025-10-30 11:55:17 [main] WARN  org.hibernate.orm.deprecation - HHH90000026: MySQL8Dialect has been deprecated; use org.hibernate.dialect.MySQLDialect instead
2025-10-30 11:55:17 [main] INFO  o.hibernate.orm.connections.pooling - HHH10001005: Database info:
	Database JDBC URL [Connecting through datasource 'HikariDataSource (HikariPool-1)']
	Database driver: undefined/unknown
	Database version: 8.0
	Autocommit mode: undefined/unknown
	Isolation level: undefined/unknown
	Minimum pool size: undefined/unknown
	Maximum pool size: undefined/unknown
2025-10-30 11:55:17 [main] INFO  o.h.e.t.j.p.i.JtaPlatformInitiator - HHH000489: No JTA platform available (set 'hibernate.transaction.jta.platform' to enable JTA platform integration)
2025-10-30 11:55:17 [main] INFO  o.s.o.j.LocalContainerEntityManagerFactoryBean - Initialized JPA EntityManagerFactory for persistence unit 'default'
2025-10-30 11:55:18 [main] WARN  o.s.b.a.o.j.JpaBaseConfiguration$JpaWebConfiguration - spring.jpa.open-in-view is enabled by default. Therefore, database queries may be performed during view rendering. Explicitly configure spring.jpa.open-in-view to disable this warning
2025-10-30 11:55:18 [main] INFO  o.a.coyote.http11.Http11NioProtocol - Starting ProtocolHandler ["http-nio-8080"]
2025-10-30 11:55:18 [main] INFO  o.s.b.w.e.tomcat.TomcatWebServer - Tomcat started on port 8080 (http) with context path '/'
2025-10-30 11:55:18 [main] INFO  o.e.backend.SpringApplicationUser - Started SpringApplicationUser in 3.912 seconds (process running for 4.278)
2025-10-30 11:55:35 [http-nio-8080-exec-1] INFO  o.a.c.c.C.[Tomcat].[localhost].[/] - Initializing Spring DispatcherServlet 'dispatcherServlet'
2025-10-30 11:55:35 [http-nio-8080-exec-1] INFO  o.s.web.servlet.DispatcherServlet - Initializing Servlet 'dispatcherServlet'
2025-10-30 11:55:35 [http-nio-8080-exec-1] INFO  o.s.web.servlet.DispatcherServlet - Completed initialization in 0 ms
2025-10-30 11:55:35 [http-nio-8080-exec-1] INFO  o.e.b.controller.UserController - Se listaron todos los usuarios
2025-10-30 11:55:35 [http-nio-8080-exec-2] INFO  o.e.b.controller.UserController - Se listaron todos los usuarios
2025-10-30 11:55:45 [http-nio-8080-exec-3] WARN  o.s.w.s.m.s.DefaultHandlerExceptionResolver - Resolved [org.springframework.web.multipart.support.MissingServletRequestPartException: Required part 'photo' is not present.]
2025-10-30 11:55:45 [http-nio-8080-exec-5] INFO  o.e.b.controller.UserController - Se listaron todos los usuarios
2025-10-30 11:55:45 [http-nio-8080-exec-4] INFO  o.e.b.controller.UserController - Se listaron todos los usuarios
2025-10-30 11:55:50 [http-nio-8080-exec-6] INFO  o.e.b.controller.UserController - Se listaron todos los usuarios
2025-10-30 11:55:50 [http-nio-8080-exec-7] INFO  o.e.b.controller.UserController - Se listaron todos los usuarios
2025-10-30 11:56:10 [http-nio-8080-exec-8] INFO  o.e.b.controller.UserController - Intentando guardar nuevo usuario: Mateo 
2025-10-30 11:56:10 [http-nio-8080-exec-8] INFO  o.e.b.controller.UserController - Usuario guardado correctamente con ID: 5
2025-10-30 11:56:10 [http-nio-8080-exec-9] INFO  o.e.b.controller.UserController - Se listaron todos los usuarios
2025-10-30 11:56:10 [http-nio-8080-exec-9] INFO  o.e.b.controller.UserController - Se listaron todos los usuarios
2025-10-30 11:56:48 [http-nio-8080-exec-5] WARN  o.s.w.s.m.s.DefaultHandlerExceptionResolver - Resolved [org.springframework.web.method.annotation.MethodArgumentTypeMismatchException: Method parameter 'id': Failed to convert value of type 'java.lang.String' to required type 'long'; For input string: "undefined"]
2025-10-30 11:56:48 [http-nio-8080-exec-4] INFO  o.e.b.controller.UserController - Se listaron todos los usuarios
2025-10-30 11:56:48 [http-nio-8080-exec-6] INFO  o.e.b.controller.UserController - Se listaron todos los usuarios
2025-10-30 11:59:12 [http-nio-8080-exec-1] INFO  o.e.b.controller.UserController - Se listaron todos los usuarios
2025-10-30 11:59:12 [http-nio-8080-exec-2] INFO  o.e.b.controller.UserController - Se listaron todos los usuarios
2025-10-30 12:03:10 [http-nio-8080-exec-7] INFO  o.e.b.controller.UserController - Buscando usuario con ID: 5
2025-10-30 12:03:30 [http-nio-8080-exec-8] INFO  o.e.b.controller.UserController - Se listaron todos los usuarios
2025-10-30 12:03:30 [http-nio-8080-exec-9] INFO  o.e.b.controller.UserController - Se listaron todos los usuarios
2025-10-30 12:03:31 [http-nio-8080-exec-2] INFO  o.e.b.controller.UserController - Buscando usuario con ID: 5
2025-10-30 12:03:31 [http-nio-8080-exec-3] INFO  o.e.b.controller.UserController - Buscando usuario con ID: 5
2025-10-30 12:04:32 [http-nio-8080-exec-7] INFO  o.e.b.controller.UserController - Actualizando usuario con ID: 5
2025-10-30 12:04:32 [http-nio-8080-exec-7] INFO  o.e.b.controller.UserController - Usuario actualizado correctamente con ID: 5
2025-10-30 12:04:34 [http-nio-8080-exec-8] INFO  o.e.b.controller.UserController - Actualizando usuario con ID: 5
2025-10-30 12:04:34 [http-nio-8080-exec-8] INFO  o.e.b.controller.UserController - Usuario actualizado correctamente con ID: 5
2025-10-30 12:04:35 [http-nio-8080-exec-9] INFO  o.e.b.controller.UserController - Actualizando usuario con ID: 5
2025-10-30 12:04:35 [http-nio-8080-exec-9] INFO  o.e.b.controller.UserController - Usuario actualizado correctamente con ID: 5
2025-10-30 12:04:35 [http-nio-8080-exec-10] INFO  o.e.b.controller.UserController - Actualizando usuario con ID: 5
2025-10-30 12:04:35 [http-nio-8080-exec-10] INFO  o.e.b.controller.UserController - Usuario actualizado correctamente con ID: 5
2025-10-30 12:04:35 [http-nio-8080-exec-1] INFO  o.e.b.controller.UserController - Actualizando usuario con ID: 5
2025-10-30 12:04:35 [http-nio-8080-exec-1] INFO  o.e.b.controller.UserController - Usuario actualizado correctamente con ID: 5
2025-10-30 12:04:35 [http-nio-8080-exec-2] INFO  o.e.b.controller.UserController - Actualizando usuario con ID: 5
2025-10-30 12:04:35 [http-nio-8080-exec-2] INFO  o.e.b.controller.UserController - Usuario actualizado correctamente con ID: 5
2025-10-30 12:04:35 [http-nio-8080-exec-3] INFO  o.e.b.controller.UserController - Actualizando usuario con ID: 5
2025-10-30 12:04:35 [http-nio-8080-exec-3] INFO  o.e.b.controller.UserController - Usuario actualizado correctamente con ID: 5
2025-10-30 12:04:35 [http-nio-8080-exec-5] INFO  o.e.b.controller.UserController - Actualizando usuario con ID: 5
2025-10-30 12:04:35 [http-nio-8080-exec-5] INFO  o.e.b.controller.UserController - Usuario actualizado correctamente con ID: 5
2025-10-30 12:04:35 [http-nio-8080-exec-6] INFO  o.e.b.controller.UserController - Actualizando usuario con ID: 5
2025-10-30 12:04:35 [http-nio-8080-exec-6] INFO  o.e.b.controller.UserController - Usuario actualizado correctamente con ID: 5
2025-10-30 12:04:36 [http-nio-8080-exec-4] INFO  o.e.b.controller.UserController - Actualizando usuario con ID: 5
2025-10-30 12:04:36 [http-nio-8080-exec-4] INFO  o.e.b.controller.UserController - Usuario actualizado correctamente con ID: 5
2025-10-30 12:04:36 [http-nio-8080-exec-7] INFO  o.e.b.controller.UserController - Actualizando usuario con ID: 5
2025-10-30 12:04:36 [http-nio-8080-exec-7] INFO  o.e.b.controller.UserController - Usuario actualizado correctamente con ID: 5
2025-10-30 12:04:52 [http-nio-8080-exec-8] INFO  o.e.b.controller.UserController - Actualizando usuario con ID: 5
2025-10-30 12:04:52 [http-nio-8080-exec-8] INFO  o.e.b.controller.UserController - Usuario actualizado correctamente con ID: 5
2025-10-30 12:05:00 [http-nio-8080-exec-9] INFO  o.e.b.controller.UserController - Se listaron todos los usuarios
2025-10-30 12:05:00 [http-nio-8080-exec-10] INFO  o.e.b.controller.UserController - Se listaron todos los usuarios
2025-10-30 12:07:32 [http-nio-8080-exec-6] INFO  o.e.b.controller.UserController - Buscando usuario con ID: 5
2025-10-30 12:07:32 [http-nio-8080-exec-4] INFO  o.e.b.controller.UserController - Buscando usuario con ID: 5
2025-10-30 12:07:36 [http-nio-8080-exec-7] INFO  o.e.b.controller.UserController - Actualizando usuario con ID: 5
2025-10-30 12:07:36 [http-nio-8080-exec-7] INFO  o.e.b.controller.UserController - Usuario actualizado correctamente con ID: 5
2025-10-30 12:07:39 [http-nio-8080-exec-8] INFO  o.e.b.controller.UserController - Se listaron todos los usuarios
2025-10-30 12:07:39 [http-nio-8080-exec-9] INFO  o.e.b.controller.UserController - Se listaron todos los usuarios
2025-10-30 12:08:18 [http-nio-8080-exec-2] INFO  o.e.b.controller.UserController - Buscando usuario con ID: 5
2025-10-30 12:08:18 [http-nio-8080-exec-5] INFO  o.e.b.controller.UserController - Buscando usuario con ID: 5
2025-10-30 12:08:22 [http-nio-8080-exec-3] INFO  o.e.b.controller.UserController - Actualizando usuario con ID: 5
2025-10-30 12:08:22 [http-nio-8080-exec-3] INFO  o.e.b.controller.UserController - Usuario actualizado correctamente con ID: 5
2025-10-30 12:08:22 [http-nio-8080-exec-6] INFO  o.e.b.controller.UserController - Se listaron todos los usuarios
2025-10-30 12:08:22 [http-nio-8080-exec-4] INFO  o.e.b.controller.UserController - Se listaron todos los usuarios
2025-10-30 12:09:44 [SpringApplicationShutdownHook] INFO  o.s.b.w.e.tomcat.GracefulShutdown - Commencing graceful shutdown. Waiting for active requests to complete
2025-10-30 12:09:44 [tomcat-shutdown] INFO  o.s.b.w.e.tomcat.GracefulShutdown - Graceful shutdown complete
2025-10-30 12:09:44 [SpringApplicationShutdownHook] INFO  o.s.o.j.LocalContainerEntityManagerFactoryBean - Closing JPA EntityManagerFactory for persistence unit 'default'
2025-10-30 12:09:44 [SpringApplicationShutdownHook] INFO  com.zaxxer.hikari.HikariDataSource - HikariPool-1 - Shutdown initiated...
2025-10-30 12:09:44 [SpringApplicationShutdownHook] INFO  com.zaxxer.hikari.HikariDataSource - HikariPool-1 - Shutdown completed.
